2019-05-04 19:02:01,255 [Worker-5] INFO  c.g.t.t.d.PublishedGradleVersions - Gradle version information cache is up-to-date. Trying to read.
2019-05-04 21:08:28,479 [Worker-0] INFO  c.g.t.t.d.PublishedGradleVersions - Gradle version information cache is up-to-date. Trying to read.
2019-05-05 10:34:30,960 [Worker-0] INFO  c.g.t.t.d.PublishedGradleVersions - Gradle version information cache is up-to-date. Trying to read.
2019-05-05 11:18:28,162 [Worker-6] INFO  c.g.t.t.d.PublishedGradleVersions - Gradle version information cache is up-to-date. Trying to read.
2019-05-05 11:43:58,873 [Start Help Server] INFO  org.eclipse.jetty.util.log - Logging initialized @1594226ms to org.eclipse.jetty.util.log.Slf4jLog
2019-05-05 11:43:59,385 [Start Help Server] INFO  org.eclipse.jetty.server.Server - jetty-9.4.8.v20171121, build timestamp: 2017-11-21T19:27:37-02:00, git hash: 82b8fb23f757335bb3329d540ce37a2a2615f0a8
2019-05-05 11:43:59,664 [Start Help Server] INFO  org.eclipse.jetty.server.session - DefaultSessionIdManager workerName=node0
2019-05-05 11:43:59,668 [Start Help Server] INFO  org.eclipse.jetty.server.session - No SessionScavenger set, using defaults
2019-05-05 11:43:59,670 [Start Help Server] INFO  org.eclipse.jetty.server.session - Scavenging every 660000ms
2019-05-05 11:43:59,728 [Start Help Server] INFO  o.e.j.server.handler.ContextHandler - Started o.e.j.s.ServletContextHandler@353bb29c{/help,null,AVAILABLE}
2019-05-05 11:43:59,745 [Start Help Server] INFO  o.e.jetty.server.AbstractConnector - Started ServerConnector@6b0afa70{HTTP/1.1,[http/1.1]}{127.0.0.1:62496}
2019-05-05 11:43:59,749 [Start Help Server] INFO  org.eclipse.jetty.server.Server - Started @1595102ms
2019-05-05 12:39:22,880 [Stop Help Server] INFO  o.e.jetty.server.AbstractConnector - Stopped ServerConnector@6b0afa70{HTTP/1.1,[http/1.1]}{127.0.0.1:0}
2019-05-05 12:39:22,884 [Stop Help Server] INFO  org.eclipse.jetty.server.session - Stopped scavenging
2019-05-05 12:39:22,912 [Stop Help Server] INFO  o.e.j.server.handler.ContextHandler - Stopped o.e.j.s.ServletContextHandler@353bb29c{/help,null,UNAVAILABLE}
2019-05-05 12:43:12,776 [Worker-3] INFO  c.g.t.t.d.PublishedGradleVersions - Gradle version information cache is up-to-date. Trying to read.
2019-05-05 19:52:46,672 [Worker-5] INFO  c.g.t.t.d.PublishedGradleVersions - Gradle version information cache is out-of-date. Trying to update.
2019-05-06 10:37:05,282 [Worker-1] INFO  c.g.t.t.d.PublishedGradleVersions - Gradle version information cache is up-to-date. Trying to read.
2019-05-06 13:06:55,338 [Worker-3] INFO  c.g.t.t.d.PublishedGradleVersions - Gradle version information cache is up-to-date. Trying to read.
2019-05-08 23:26:50,552 [Worker-1] INFO  c.g.t.t.d.PublishedGradleVersions - Gradle version information cache is out-of-date. Trying to update.
2019-05-09 08:28:49,371 [Worker-3] INFO  c.g.t.t.d.PublishedGradleVersions - Gradle version information cache is up-to-date. Trying to read.
2019-05-09 08:58:35,288 [Worker-4] INFO  c.g.t.t.d.PublishedGradleVersions - Gradle version information cache is up-to-date. Trying to read.
2019-05-09 10:08:09,145 [Worker-0] INFO  c.g.t.t.d.PublishedGradleVersions - Gradle version information cache is up-to-date. Trying to read.
2019-05-09 13:33:54,408 [Worker-2: Loading available Gradle versions] INFO  c.g.t.t.d.PublishedGradleVersions - Gradle version information cache is up-to-date. Trying to read.
2019-05-09 13:43:08,382 [Worker-5: Loading available Gradle versions] INFO  c.g.t.t.d.PublishedGradleVersions - Gradle version information cache is up-to-date. Trying to read.
2019-05-09 22:09:01,238 [Worker-2] INFO  c.g.t.t.d.PublishedGradleVersions - Gradle version information cache is up-to-date. Trying to read.
2019-05-09 23:54:52,529 [Worker-0] INFO  c.g.t.t.d.PublishedGradleVersions - Gradle version information cache is out-of-date. Trying to update.
2019-05-21 07:35:01,506 [Worker-1] INFO  c.g.t.t.d.PublishedGradleVersions - Gradle version information cache is out-of-date. Trying to update.
2019-05-21 07:38:23,855 [Worker-4] INFO  c.g.t.t.d.PublishedGradleVersions - Gradle version information cache is up-to-date. Trying to read.
2019-08-16 23:06:55,265 [Worker-4] INFO  c.g.t.t.d.PublishedGradleVersions - Gradle version information cache is up-to-date. Trying to read.
